[2021-10-16 00:06:37,803] DEBUG preRegister called. Server=com.sun.jmx.mbeanserver.JmxMBeanServer@66d3c617, name=log4j:logger=kafka.controller (kafka.controller)
[2021-10-16 00:08:03,576] INFO [ControllerEventThread controllerId=0] Starting (kafka.controller.ControllerEventManager$ControllerEventThread)
[2021-10-16 00:08:03,613] INFO [Controller id=0] 0 successfully elected as the controller. Epoch incremented to 1 and epoch zk version is now 1 (kafka.controller.KafkaController)
[2021-10-16 00:08:03,619] INFO [Controller id=0] Creating FeatureZNode at path: /feature with contents: FeatureZNode(Enabled,Features{}) (kafka.controller.KafkaController)
[2021-10-16 00:08:03,673] INFO [Controller id=0] Registering handlers (kafka.controller.KafkaController)
[2021-10-16 00:08:03,678] INFO [Controller id=0] Deleting log dir event notifications (kafka.controller.KafkaController)
[2021-10-16 00:08:03,681] INFO [Controller id=0] Deleting isr change notifications (kafka.controller.KafkaController)
[2021-10-16 00:08:03,684] INFO [Controller id=0] Initializing controller context (kafka.controller.KafkaController)
[2021-10-16 00:08:03,704] INFO [Controller id=0] Initialized broker epochs cache: Map(0 -> 25) (kafka.controller.KafkaController)
[2021-10-16 00:08:03,712] DEBUG [Controller id=0] Register BrokerModifications handler for Set(0) (kafka.controller.KafkaController)
[2021-10-16 00:08:03,718] DEBUG [Channel manager on controller 0]: Controller 0 trying to connect to broker 0 (kafka.controller.ControllerChannelManager)
[2021-10-16 00:08:03,727] INFO [RequestSendThread controllerId=0] Starting (kafka.controller.RequestSendThread)
[2021-10-16 00:08:03,727] INFO [Controller id=0] Currently active brokers in the cluster: Set(0) (kafka.controller.KafkaController)
[2021-10-16 00:08:03,727] INFO [Controller id=0] Currently shutting brokers in the cluster: Set() (kafka.controller.KafkaController)
[2021-10-16 00:08:03,728] INFO [Controller id=0] Current list of topics in the cluster: Set() (kafka.controller.KafkaController)
[2021-10-16 00:08:03,728] INFO [Controller id=0] Fetching topic deletions in progress (kafka.controller.KafkaController)
[2021-10-16 00:08:03,731] INFO [Controller id=0] List of topics to be deleted:  (kafka.controller.KafkaController)
[2021-10-16 00:08:03,732] INFO [Controller id=0] List of topics ineligible for deletion:  (kafka.controller.KafkaController)
[2021-10-16 00:08:03,732] INFO [Controller id=0] Initializing topic deletion manager (kafka.controller.KafkaController)
[2021-10-16 00:08:03,732] INFO [Topic Deletion Manager 0] Initializing manager with initial deletions: Set(), initial ineligible deletions: Set() (kafka.controller.TopicDeletionManager)
[2021-10-16 00:08:03,733] INFO [Controller id=0] Sending update metadata request (kafka.controller.KafkaController)
[2021-10-16 00:08:03,751] INFO [ReplicaStateMachine controllerId=0] Initializing replica state (kafka.controller.ZkReplicaStateMachine)
[2021-10-16 00:08:03,752] INFO [ReplicaStateMachine controllerId=0] Triggering online replica state changes (kafka.controller.ZkReplicaStateMachine)
[2021-10-16 00:08:03,756] INFO [ReplicaStateMachine controllerId=0] Triggering offline replica state changes (kafka.controller.ZkReplicaStateMachine)
[2021-10-16 00:08:03,757] DEBUG [ReplicaStateMachine controllerId=0] Started replica state machine with initial state -> Map() (kafka.controller.ZkReplicaStateMachine)
[2021-10-16 00:08:03,757] INFO [PartitionStateMachine controllerId=0] Initializing partition state (kafka.controller.ZkPartitionStateMachine)
[2021-10-16 00:08:03,758] INFO [PartitionStateMachine controllerId=0] Triggering online partition state changes (kafka.controller.ZkPartitionStateMachine)
[2021-10-16 00:08:03,761] DEBUG [PartitionStateMachine controllerId=0] Started partition state machine with initial state -> Map() (kafka.controller.ZkPartitionStateMachine)
[2021-10-16 00:08:03,761] INFO [Controller id=0] Ready to serve as the new controller with epoch 1 (kafka.controller.KafkaController)
[2021-10-16 00:08:03,762] INFO [RequestSendThread controllerId=0] Controller 0 connected to LAPTOP-QK0QRVVA:9092 (id: 0 rack: null) for sending state change requests (kafka.controller.RequestSendThread)
[2021-10-16 00:08:03,769] INFO [Controller id=0] Partitions undergoing preferred replica election:  (kafka.controller.KafkaController)
[2021-10-16 00:08:03,770] INFO [Controller id=0] Partitions that completed preferred replica election:  (kafka.controller.KafkaController)
[2021-10-16 00:08:03,771] INFO [Controller id=0] Skipping preferred replica election for partitions due to topic deletion:  (kafka.controller.KafkaController)
[2021-10-16 00:08:03,771] INFO [Controller id=0] Resuming preferred replica election for partitions:  (kafka.controller.KafkaController)
[2021-10-16 00:08:03,774] INFO [Controller id=0] Starting replica leader election (PREFERRED) for partitions  triggered by ZkTriggered (kafka.controller.KafkaController)
[2021-10-16 00:08:03,787] INFO [Controller id=0] Starting the controller scheduler (kafka.controller.KafkaController)
[2021-10-16 00:08:08,796] INFO [Controller id=0] Processing automatic preferred replica leader election (kafka.controller.KafkaController)
[2021-10-16 00:08:08,797] TRACE [Controller id=0] Checking need to trigger auto leader balancing (kafka.controller.KafkaController)
[2021-10-16 00:08:26,258] INFO [Controller id=0] Newly added brokers: 1, deleted brokers: , bounced brokers: , all live brokers: 0,1 (kafka.controller.KafkaController)
[2021-10-16 00:08:26,258] DEBUG [Channel manager on controller 0]: Controller 0 trying to connect to broker 1 (kafka.controller.ControllerChannelManager)
[2021-10-16 00:08:26,262] INFO [RequestSendThread controllerId=0] Starting (kafka.controller.RequestSendThread)
[2021-10-16 00:08:26,263] INFO [Controller id=0] New broker startup callback for 1 (kafka.controller.KafkaController)
[2021-10-16 00:08:26,266] INFO [RequestSendThread controllerId=0] Controller 0 connected to LAPTOP-QK0QRVVA:9093 (id: 1 rack: null) for sending state change requests (kafka.controller.RequestSendThread)
[2021-10-16 00:08:26,267] DEBUG [Controller id=0] Register BrokerModifications handler for Vector(1) (kafka.controller.KafkaController)
[2021-10-16 00:08:26,269] INFO [Controller id=0] Updated broker epochs cache: Map(1 -> 46, 0 -> 25) (kafka.controller.KafkaController)
[2021-10-16 00:08:26,314] INFO [ControllerEventThread controllerId=1] Starting (kafka.controller.ControllerEventManager$ControllerEventThread)
[2021-10-16 00:08:26,338] DEBUG [Controller id=1] Broker 0 has been elected as the controller, so stopping the election process. (kafka.controller.KafkaController)
[2021-10-16 00:08:41,109] INFO [Controller id=0] Newly added brokers: 2, deleted brokers: , bounced brokers: , all live brokers: 0,1,2 (kafka.controller.KafkaController)
[2021-10-16 00:08:41,109] DEBUG [Channel manager on controller 0]: Controller 0 trying to connect to broker 2 (kafka.controller.ControllerChannelManager)
[2021-10-16 00:08:41,114] INFO [RequestSendThread controllerId=0] Starting (kafka.controller.RequestSendThread)
[2021-10-16 00:08:41,114] INFO [Controller id=0] New broker startup callback for 2 (kafka.controller.KafkaController)
[2021-10-16 00:08:41,116] DEBUG [Controller id=0] Register BrokerModifications handler for Vector(2) (kafka.controller.KafkaController)
[2021-10-16 00:08:41,117] INFO [RequestSendThread controllerId=0] Controller 0 connected to LAPTOP-QK0QRVVA:9094 (id: 2 rack: null) for sending state change requests (kafka.controller.RequestSendThread)
[2021-10-16 00:08:41,118] INFO [Controller id=0] Updated broker epochs cache: Map(2 -> 63, 1 -> 46, 0 -> 25) (kafka.controller.KafkaController)
[2021-10-16 00:08:41,169] INFO [ControllerEventThread controllerId=2] Starting (kafka.controller.ControllerEventManager$ControllerEventThread)
[2021-10-16 00:08:41,192] DEBUG [Controller id=2] Broker 0 has been elected as the controller, so stopping the election process. (kafka.controller.KafkaController)
[2021-10-16 00:11:30,992] INFO [Controller id=0] New topics: [Set(storage-system)], deleted topics: [Set()], new partition replica assignment [Set(TopicIdReplicaAssignment(storage-system,Some(IhQrrb6BRTy19bFwPwxRag),Map(storage-system-0 -> ReplicaAssignment(replicas=1,2,0, addingReplicas=, removingReplicas=))))] (kafka.controller.KafkaController)
[2021-10-16 00:11:30,994] INFO [Controller id=0] New partition creation callback for storage-system-0 (kafka.controller.KafkaController)
[2021-10-16 00:12:19,520] INFO [Controller id=0] New topics: [Set(__consumer_offsets)], deleted topics: [Set()], new partition replica assignment [Set(TopicIdReplicaAssignment(__consumer_offsets,Some(malTV-FbT7CjQNnYS23s6Q),Map(__consumer_offsets-22 -> ReplicaAssignment(replicas=2, addingReplicas=, removingReplicas=), __consumer_offsets-30 -> ReplicaAssignment(replicas=0, addingReplicas=, removingReplicas=), __consumer_offsets-8 -> ReplicaAssignment(replicas=1, addingReplicas=, removingReplicas=), __consumer_offsets-21 -> ReplicaAssignment(replicas=0, addingReplicas=, removingReplicas=), __consumer_offsets-4 -> ReplicaAssignment(replicas=2, addingReplicas=, removingReplicas=), __consumer_offsets-27 -> ReplicaAssignment(replicas=0, addingReplicas=, removingReplicas=), __consumer_offsets-7 -> ReplicaAssignment(replicas=2, addingReplicas=, removingReplicas=), __consumer_offsets-9 -> ReplicaAssignment(replicas=0, addingReplicas=, removingReplicas=), __consumer_offsets-46 -> ReplicaAssignment(replicas=2, addingReplicas=, removingReplicas=), __consumer_offsets-25 -> ReplicaAssignment(replicas=2, addingReplicas=, removingReplicas=), __consumer_offsets-35 -> ReplicaAssignment(replicas=1, addingReplicas=, removingReplicas=), __consumer_offsets-41 -> ReplicaAssignment(replicas=1, addingReplicas=, removingReplicas=), __consumer_offsets-33 -> ReplicaAssignment(replicas=0, addingReplicas=, removingReplicas=), __consumer_offsets-23 -> ReplicaAssignment(replicas=1, addingReplicas=, removingReplicas=), __consumer_offsets-49 -> ReplicaAssignment(replicas=2, addingReplicas=, removingReplicas=), __consumer_offsets-47 -> ReplicaAssignment(replicas=1, addingReplicas=, removingReplicas=), __consumer_offsets-16 -> ReplicaAssignment(replicas=2, addingReplicas=, removingReplicas=), __consumer_offsets-28 -> ReplicaAssignment(replicas=2, addingReplicas=, removingReplicas=), __consumer_offsets-31 -> ReplicaAssignment(replicas=2, addingReplicas=, removingReplicas=), __consumer_offsets-36 -> ReplicaAssignment(replicas=0, addingReplicas=, removingReplicas=), __consumer_offsets-42 -> ReplicaAssignment(replicas=0, addingReplicas=, removingReplicas=), __consumer_offsets-3 -> ReplicaAssignment(replicas=0, addingReplicas=, removingReplicas=), __consumer_offsets-18 -> ReplicaAssignment(replicas=0, addingReplicas=, removingReplicas=), __consumer_offsets-37 -> ReplicaAssignment(replicas=2, addingReplicas=, removingReplicas=), __consumer_offsets-15 -> ReplicaAssignment(replicas=0, addingReplicas=, removingReplicas=), __consumer_offsets-24 -> ReplicaAssignment(replicas=0, addingReplicas=, removingReplicas=), __consumer_offsets-38 -> ReplicaAssignment(replicas=1, addingReplicas=, removingReplicas=), __consumer_offsets-17 -> ReplicaAssignment(replicas=1, addingReplicas=, removingReplicas=), __consumer_offsets-48 -> ReplicaAssignment(replicas=0, addingReplicas=, removingReplicas=), __consumer_offsets-19 -> ReplicaAssignment(replicas=2, addingReplicas=, removingReplicas=), __consumer_offsets-11 -> ReplicaAssignment(replicas=1, addingReplicas=, removingReplicas=), __consumer_offsets-13 -> ReplicaAssignment(replicas=2, addingReplicas=, removingReplicas=), __consumer_offsets-2 -> ReplicaAssignment(replicas=1, addingReplicas=, removingReplicas=), __consumer_offsets-43 -> ReplicaAssignment(replicas=2, addingReplicas=, removingReplicas=), __consumer_offsets-6 -> ReplicaAssignment(replicas=0, addingReplicas=, removingReplicas=), __consumer_offsets-14 -> ReplicaAssignment(replicas=1, addingReplicas=, removingReplicas=), __consumer_offsets-20 -> ReplicaAssignment(replicas=1, addingReplicas=, removingReplicas=), __consumer_offsets-0 -> ReplicaAssignment(replicas=0, addingReplicas=, removingReplicas=), __consumer_offsets-44 -> ReplicaAssignment(replicas=1, addingReplicas=, removingReplicas=), __consumer_offsets-39 -> ReplicaAssignment(replicas=0, addingReplicas=, removingReplicas=), __consumer_offsets-12 -> ReplicaAssignment(replicas=0, addingReplicas=, removingReplicas=), __consumer_offsets-45 -> ReplicaAssignment(replicas=0, addingReplicas=, removingReplicas=), __consumer_offsets-1 -> ReplicaAssignment(replicas=2, addingReplicas=, removingReplicas=), __consumer_offsets-5 -> ReplicaAssignment(replicas=1, addingReplicas=, removingReplicas=), __consumer_offsets-26 -> ReplicaAssignment(replicas=1, addingReplicas=, removingReplicas=), __consumer_offsets-29 -> ReplicaAssignment(replicas=1, addingReplicas=, removingReplicas=), __consumer_offsets-34 -> ReplicaAssignment(replicas=2, addingReplicas=, removingReplicas=), __consumer_offsets-10 -> ReplicaAssignment(replicas=2, addingReplicas=, removingReplicas=), __consumer_offsets-32 -> ReplicaAssignment(replicas=1, addingReplicas=, removingReplicas=), __consumer_offsets-40 -> ReplicaAssignment(replicas=2, addingReplicas=, removingReplicas=))))] (kafka.controller.KafkaController)
[2021-10-16 00:12:19,520] INFO [Controller id=0] New partition creation callback for __consumer_offsets-22,__consumer_offsets-30,__consumer_offsets-8,__consumer_offsets-21,__consumer_offsets-4,__consumer_offsets-27,__consumer_offsets-7,__consumer_offsets-9,__consumer_offsets-46,__consumer_offsets-25,__consumer_offsets-35,__consumer_offsets-41,__consumer_offsets-33,__consumer_offsets-23,__consumer_offsets-49,__consumer_offsets-47,__consumer_offsets-16,__consumer_offsets-28,__consumer_offsets-31,__consumer_offsets-36,__consumer_offsets-42,__consumer_offsets-3,__consumer_offsets-18,__consumer_offsets-37,__consumer_offsets-15,__consumer_offsets-24,__consumer_offsets-38,__consumer_offsets-17,__consumer_offsets-48,__consumer_offsets-19,__consumer_offsets-11,__consumer_offsets-13,__consumer_offsets-2,__consumer_offsets-43,__consumer_offsets-6,__consumer_offsets-14,__consumer_offsets-20,__consumer_offsets-0,__consumer_offsets-44,__consumer_offsets-39,__consumer_offsets-12,__consumer_offsets-45,__consumer_offsets-1,__consumer_offsets-5,__consumer_offsets-26,__consumer_offsets-29,__consumer_offsets-34,__consumer_offsets-10,__consumer_offsets-32,__consumer_offsets-40 (kafka.controller.KafkaController)
[2021-10-16 00:13:08,137] INFO [Controller id=0] New topics: [Set(__transaction_state)], deleted topics: [Set()], new partition replica assignment [Set(TopicIdReplicaAssignment(__transaction_state,Some(uANl0voJRiW_pxH-G8tyBg),Map(__transaction_state-42 -> ReplicaAssignment(replicas=1, addingReplicas=, removingReplicas=), __transaction_state-31 -> ReplicaAssignment(replicas=0, addingReplicas=, removingReplicas=), __transaction_state-45 -> ReplicaAssignment(replicas=1, addingReplicas=, removingReplicas=), __transaction_state-15 -> ReplicaAssignment(replicas=1, addingReplicas=, removingReplicas=), __transaction_state-12 -> ReplicaAssignment(replicas=1, addingReplicas=, removingReplicas=), __transaction_state-7 -> ReplicaAssignment(replicas=0, addingReplicas=, removingReplicas=), __transaction_state-46 -> ReplicaAssignment(replicas=0, addingReplicas=, removingReplicas=), __transaction_state-48 -> ReplicaAssignment(replicas=1, addingReplicas=, removingReplicas=), __transaction_state-49 -> ReplicaAssignment(replicas=0, addingReplicas=, removingReplicas=), __transaction_state-28 -> ReplicaAssignment(replicas=0, addingReplicas=, removingReplicas=), __transaction_state-2 -> ReplicaAssignment(replicas=2, addingReplicas=, removingReplicas=), __transaction_state-20 -> ReplicaAssignment(replicas=2, addingReplicas=, removingReplicas=), __transaction_state-24 -> ReplicaAssignment(replicas=1, addingReplicas=, removingReplicas=), __transaction_state-13 -> ReplicaAssignment(replicas=0, addingReplicas=, removingReplicas=), __transaction_state-0 -> ReplicaAssignment(replicas=1, addingReplicas=, removingReplicas=), __transaction_state-37 -> ReplicaAssignment(replicas=0, addingReplicas=, removingReplicas=), __transaction_state-3 -> ReplicaAssignment(replicas=1, addingReplicas=, removingReplicas=), __transaction_state-21 -> ReplicaAssignment(replicas=1, addingReplicas=, removingReplicas=), __transaction_state-29 -> ReplicaAssignment(replicas=2, addingReplicas=, removingReplicas=), __transaction_state-39 -> ReplicaAssignment(replicas=1, addingReplicas=, removingReplicas=), __transaction_state-38 -> ReplicaAssignment(replicas=2, addingReplicas=, removingReplicas=), __transaction_state-6 -> ReplicaAssignment(replicas=1, addingReplicas=, removingReplicas=), __transaction_state-14 -> ReplicaAssignment(replicas=2, addingReplicas=, removingReplicas=), __transaction_state-10 -> ReplicaAssignment(replicas=0, addingReplicas=, removingReplicas=), __transaction_state-44 -> ReplicaAssignment(replicas=2, addingReplicas=, removingReplicas=), __transaction_state-9 -> ReplicaAssignment(replicas=1, addingReplicas=, removingReplicas=), __transaction_state-22 -> ReplicaAssignment(replicas=0, addingReplicas=, removingReplicas=), __transaction_state-43 -> ReplicaAssignment(replicas=0, addingReplicas=, removingReplicas=), __transaction_state-4 -> ReplicaAssignment(replicas=0, addingReplicas=, removingReplicas=), __transaction_state-30 -> ReplicaAssignment(replicas=1, addingReplicas=, removingReplicas=), __transaction_state-33 -> ReplicaAssignment(replicas=1, addingReplicas=, removingReplicas=), __transaction_state-32 -> ReplicaAssignment(replicas=2, addingReplicas=, removingReplicas=), __transaction_state-25 -> ReplicaAssignment(replicas=0, addingReplicas=, removingReplicas=), __transaction_state-17 -> ReplicaAssignment(replicas=2, addingReplicas=, removingReplicas=), __transaction_state-23 -> ReplicaAssignment(replicas=2, addingReplicas=, removingReplicas=), __transaction_state-47 -> ReplicaAssignment(replicas=2, addingReplicas=, removingReplicas=), __transaction_state-18 -> ReplicaAssignment(replicas=1, addingReplicas=, removingReplicas=), __transaction_state-26 -> ReplicaAssignment(replicas=2, addingReplicas=, removingReplicas=), __transaction_state-36 -> ReplicaAssignment(replicas=1, addingReplicas=, removingReplicas=), __transaction_state-5 -> ReplicaAssignment(replicas=2, addingReplicas=, removingReplicas=), __transaction_state-8 -> ReplicaAssignment(replicas=2, addingReplicas=, removingReplicas=), __transaction_state-16 -> ReplicaAssignment(replicas=0, addingReplicas=, removingReplicas=), __transaction_state-11 -> ReplicaAssignment(replicas=2, addingReplicas=, removingReplicas=), __transaction_state-40 -> ReplicaAssignment(replicas=0, addingReplicas=, removingReplicas=), __transaction_state-19 -> ReplicaAssignment(replicas=0, addingReplicas=, removingReplicas=), __transaction_state-27 -> ReplicaAssignment(replicas=1, addingReplicas=, removingReplicas=), __transaction_state-41 -> ReplicaAssignment(replicas=2, addingReplicas=, removingReplicas=), __transaction_state-1 -> ReplicaAssignment(replicas=0, addingReplicas=, removingReplicas=), __transaction_state-34 -> ReplicaAssignment(replicas=0, addingReplicas=, removingReplicas=), __transaction_state-35 -> ReplicaAssignment(replicas=2, addingReplicas=, removingReplicas=))))] (kafka.controller.KafkaController)
[2021-10-16 00:13:08,137] INFO [Controller id=0] New partition creation callback for __transaction_state-42,__transaction_state-31,__transaction_state-45,__transaction_state-15,__transaction_state-12,__transaction_state-7,__transaction_state-46,__transaction_state-48,__transaction_state-49,__transaction_state-28,__transaction_state-2,__transaction_state-20,__transaction_state-24,__transaction_state-13,__transaction_state-0,__transaction_state-37,__transaction_state-3,__transaction_state-21,__transaction_state-29,__transaction_state-39,__transaction_state-38,__transaction_state-6,__transaction_state-14,__transaction_state-10,__transaction_state-44,__transaction_state-9,__transaction_state-22,__transaction_state-43,__transaction_state-4,__transaction_state-30,__transaction_state-33,__transaction_state-32,__transaction_state-25,__transaction_state-17,__transaction_state-23,__transaction_state-47,__transaction_state-18,__transaction_state-26,__transaction_state-36,__transaction_state-5,__transaction_state-8,__transaction_state-16,__transaction_state-11,__transaction_state-40,__transaction_state-19,__transaction_state-27,__transaction_state-41,__transaction_state-1,__transaction_state-34,__transaction_state-35 (kafka.controller.KafkaController)
[2021-10-16 00:13:08,814] INFO [Controller id=0] Processing automatic preferred replica leader election (kafka.controller.KafkaController)
[2021-10-16 00:13:08,814] TRACE [Controller id=0] Checking need to trigger auto leader balancing (kafka.controller.KafkaController)
[2021-10-16 00:13:08,817] DEBUG [Controller id=0] Topics not in preferred replica for broker 2 Map() (kafka.controller.KafkaController)
[2021-10-16 00:13:08,818] TRACE [Controller id=0] Leader imbalance ratio for broker 2 is 0.0 (kafka.controller.KafkaController)
[2021-10-16 00:13:08,818] DEBUG [Controller id=0] Topics not in preferred replica for broker 1 Map() (kafka.controller.KafkaController)
[2021-10-16 00:13:08,822] TRACE [Controller id=0] Leader imbalance ratio for broker 1 is 0.0 (kafka.controller.KafkaController)
[2021-10-16 00:13:08,822] DEBUG [Controller id=0] Topics not in preferred replica for broker 0 Map() (kafka.controller.KafkaController)
[2021-10-16 00:13:08,822] TRACE [Controller id=0] Leader imbalance ratio for broker 0 is 0.0 (kafka.controller.KafkaController)
[2021-10-16 00:18:08,837] INFO [Controller id=0] Processing automatic preferred replica leader election (kafka.controller.KafkaController)
[2021-10-16 00:18:08,837] TRACE [Controller id=0] Checking need to trigger auto leader balancing (kafka.controller.KafkaController)
[2021-10-16 00:18:08,842] DEBUG [Controller id=0] Topics not in preferred replica for broker 2 Map() (kafka.controller.KafkaController)
[2021-10-16 00:18:08,842] TRACE [Controller id=0] Leader imbalance ratio for broker 2 is 0.0 (kafka.controller.KafkaController)
[2021-10-16 00:18:08,843] DEBUG [Controller id=0] Topics not in preferred replica for broker 1 Map() (kafka.controller.KafkaController)
[2021-10-16 00:18:08,843] TRACE [Controller id=0] Leader imbalance ratio for broker 1 is 0.0 (kafka.controller.KafkaController)
[2021-10-16 00:18:08,843] DEBUG [Controller id=0] Topics not in preferred replica for broker 0 Map() (kafka.controller.KafkaController)
[2021-10-16 00:18:08,843] TRACE [Controller id=0] Leader imbalance ratio for broker 0 is 0.0 (kafka.controller.KafkaController)
[2021-10-16 00:23:08,843] INFO [Controller id=0] Processing automatic preferred replica leader election (kafka.controller.KafkaController)
[2021-10-16 00:23:08,843] TRACE [Controller id=0] Checking need to trigger auto leader balancing (kafka.controller.KafkaController)
[2021-10-16 00:23:08,849] DEBUG [Controller id=0] Topics not in preferred replica for broker 2 Map() (kafka.controller.KafkaController)
[2021-10-16 00:23:08,849] TRACE [Controller id=0] Leader imbalance ratio for broker 2 is 0.0 (kafka.controller.KafkaController)
[2021-10-16 00:23:08,850] DEBUG [Controller id=0] Topics not in preferred replica for broker 1 Map() (kafka.controller.KafkaController)
[2021-10-16 00:23:08,850] TRACE [Controller id=0] Leader imbalance ratio for broker 1 is 0.0 (kafka.controller.KafkaController)
[2021-10-16 00:23:08,850] DEBUG [Controller id=0] Topics not in preferred replica for broker 0 Map() (kafka.controller.KafkaController)
[2021-10-16 00:23:08,850] TRACE [Controller id=0] Leader imbalance ratio for broker 0 is 0.0 (kafka.controller.KafkaController)
[2021-10-16 00:28:08,856] INFO [Controller id=0] Processing automatic preferred replica leader election (kafka.controller.KafkaController)
[2021-10-16 00:28:08,856] TRACE [Controller id=0] Checking need to trigger auto leader balancing (kafka.controller.KafkaController)
[2021-10-16 00:28:08,857] DEBUG [Controller id=0] Topics not in preferred replica for broker 2 Map() (kafka.controller.KafkaController)
[2021-10-16 00:28:08,857] TRACE [Controller id=0] Leader imbalance ratio for broker 2 is 0.0 (kafka.controller.KafkaController)
[2021-10-16 00:28:08,857] DEBUG [Controller id=0] Topics not in preferred replica for broker 1 Map() (kafka.controller.KafkaController)
[2021-10-16 00:28:08,857] TRACE [Controller id=0] Leader imbalance ratio for broker 1 is 0.0 (kafka.controller.KafkaController)
[2021-10-16 00:28:08,857] DEBUG [Controller id=0] Topics not in preferred replica for broker 0 Map() (kafka.controller.KafkaController)
[2021-10-16 00:28:08,857] TRACE [Controller id=0] Leader imbalance ratio for broker 0 is 0.0 (kafka.controller.KafkaController)
[2021-10-16 00:33:08,864] INFO [Controller id=0] Processing automatic preferred replica leader election (kafka.controller.KafkaController)
[2021-10-16 00:33:08,864] TRACE [Controller id=0] Checking need to trigger auto leader balancing (kafka.controller.KafkaController)
[2021-10-16 00:33:08,865] DEBUG [Controller id=0] Topics not in preferred replica for broker 2 Map() (kafka.controller.KafkaController)
[2021-10-16 00:33:08,865] TRACE [Controller id=0] Leader imbalance ratio for broker 2 is 0.0 (kafka.controller.KafkaController)
[2021-10-16 00:33:08,865] DEBUG [Controller id=0] Topics not in preferred replica for broker 1 Map() (kafka.controller.KafkaController)
[2021-10-16 00:33:08,865] TRACE [Controller id=0] Leader imbalance ratio for broker 1 is 0.0 (kafka.controller.KafkaController)
[2021-10-16 00:33:08,865] DEBUG [Controller id=0] Topics not in preferred replica for broker 0 Map() (kafka.controller.KafkaController)
[2021-10-16 00:33:08,865] TRACE [Controller id=0] Leader imbalance ratio for broker 0 is 0.0 (kafka.controller.KafkaController)
[2021-10-16 00:38:08,875] INFO [Controller id=0] Processing automatic preferred replica leader election (kafka.controller.KafkaController)
[2021-10-16 00:38:08,875] TRACE [Controller id=0] Checking need to trigger auto leader balancing (kafka.controller.KafkaController)
[2021-10-16 00:38:08,877] DEBUG [Controller id=0] Topics not in preferred replica for broker 2 Map() (kafka.controller.KafkaController)
[2021-10-16 00:38:08,878] TRACE [Controller id=0] Leader imbalance ratio for broker 2 is 0.0 (kafka.controller.KafkaController)
[2021-10-16 00:38:08,878] DEBUG [Controller id=0] Topics not in preferred replica for broker 1 Map() (kafka.controller.KafkaController)
[2021-10-16 00:38:08,878] TRACE [Controller id=0] Leader imbalance ratio for broker 1 is 0.0 (kafka.controller.KafkaController)
[2021-10-16 00:38:08,878] DEBUG [Controller id=0] Topics not in preferred replica for broker 0 Map() (kafka.controller.KafkaController)
[2021-10-16 00:38:08,878] TRACE [Controller id=0] Leader imbalance ratio for broker 0 is 0.0 (kafka.controller.KafkaController)
[2021-10-16 00:43:08,888] INFO [Controller id=0] Processing automatic preferred replica leader election (kafka.controller.KafkaController)
[2021-10-16 00:43:08,888] TRACE [Controller id=0] Checking need to trigger auto leader balancing (kafka.controller.KafkaController)
[2021-10-16 00:43:08,890] DEBUG [Controller id=0] Topics not in preferred replica for broker 2 Map() (kafka.controller.KafkaController)
[2021-10-16 00:43:08,890] TRACE [Controller id=0] Leader imbalance ratio for broker 2 is 0.0 (kafka.controller.KafkaController)
[2021-10-16 00:43:08,891] DEBUG [Controller id=0] Topics not in preferred replica for broker 1 Map() (kafka.controller.KafkaController)
[2021-10-16 00:43:08,891] TRACE [Controller id=0] Leader imbalance ratio for broker 1 is 0.0 (kafka.controller.KafkaController)
[2021-10-16 00:43:08,891] DEBUG [Controller id=0] Topics not in preferred replica for broker 0 Map() (kafka.controller.KafkaController)
[2021-10-16 00:43:08,891] TRACE [Controller id=0] Leader imbalance ratio for broker 0 is 0.0 (kafka.controller.KafkaController)
[2021-10-16 00:48:08,906] INFO [Controller id=0] Processing automatic preferred replica leader election (kafka.controller.KafkaController)
[2021-10-16 00:48:08,906] TRACE [Controller id=0] Checking need to trigger auto leader balancing (kafka.controller.KafkaController)
[2021-10-16 00:48:08,907] DEBUG [Controller id=0] Topics not in preferred replica for broker 2 Map() (kafka.controller.KafkaController)
[2021-10-16 00:48:08,907] TRACE [Controller id=0] Leader imbalance ratio for broker 2 is 0.0 (kafka.controller.KafkaController)
[2021-10-16 00:48:08,907] DEBUG [Controller id=0] Topics not in preferred replica for broker 1 Map() (kafka.controller.KafkaController)
[2021-10-16 00:48:08,907] TRACE [Controller id=0] Leader imbalance ratio for broker 1 is 0.0 (kafka.controller.KafkaController)
[2021-10-16 00:48:08,907] DEBUG [Controller id=0] Topics not in preferred replica for broker 0 Map() (kafka.controller.KafkaController)
[2021-10-16 00:48:08,907] TRACE [Controller id=0] Leader imbalance ratio for broker 0 is 0.0 (kafka.controller.KafkaController)
[2021-10-16 00:53:08,910] INFO [Controller id=0] Processing automatic preferred replica leader election (kafka.controller.KafkaController)
[2021-10-16 00:53:08,910] TRACE [Controller id=0] Checking need to trigger auto leader balancing (kafka.controller.KafkaController)
[2021-10-16 00:53:08,912] DEBUG [Controller id=0] Topics not in preferred replica for broker 2 Map() (kafka.controller.KafkaController)
[2021-10-16 00:53:08,912] TRACE [Controller id=0] Leader imbalance ratio for broker 2 is 0.0 (kafka.controller.KafkaController)
[2021-10-16 00:53:08,912] DEBUG [Controller id=0] Topics not in preferred replica for broker 1 Map() (kafka.controller.KafkaController)
[2021-10-16 00:53:08,912] TRACE [Controller id=0] Leader imbalance ratio for broker 1 is 0.0 (kafka.controller.KafkaController)
[2021-10-16 00:53:08,912] DEBUG [Controller id=0] Topics not in preferred replica for broker 0 Map() (kafka.controller.KafkaController)
[2021-10-16 00:53:08,912] TRACE [Controller id=0] Leader imbalance ratio for broker 0 is 0.0 (kafka.controller.KafkaController)
[2021-10-16 00:58:08,925] INFO [Controller id=0] Processing automatic preferred replica leader election (kafka.controller.KafkaController)
[2021-10-16 00:58:08,925] TRACE [Controller id=0] Checking need to trigger auto leader balancing (kafka.controller.KafkaController)
[2021-10-16 00:58:08,926] DEBUG [Controller id=0] Topics not in preferred replica for broker 2 Map() (kafka.controller.KafkaController)
[2021-10-16 00:58:08,927] TRACE [Controller id=0] Leader imbalance ratio for broker 2 is 0.0 (kafka.controller.KafkaController)
[2021-10-16 00:58:08,927] DEBUG [Controller id=0] Topics not in preferred replica for broker 1 Map() (kafka.controller.KafkaController)
[2021-10-16 00:58:08,927] TRACE [Controller id=0] Leader imbalance ratio for broker 1 is 0.0 (kafka.controller.KafkaController)
[2021-10-16 00:58:08,927] DEBUG [Controller id=0] Topics not in preferred replica for broker 0 Map() (kafka.controller.KafkaController)
[2021-10-16 00:58:08,927] TRACE [Controller id=0] Leader imbalance ratio for broker 0 is 0.0 (kafka.controller.KafkaController)
[2021-10-16 01:03:08,928] INFO [Controller id=0] Processing automatic preferred replica leader election (kafka.controller.KafkaController)
[2021-10-16 01:03:08,932] TRACE [Controller id=0] Checking need to trigger auto leader balancing (kafka.controller.KafkaController)
[2021-10-16 01:03:08,934] DEBUG [Controller id=0] Topics not in preferred replica for broker 2 Map() (kafka.controller.KafkaController)
[2021-10-16 01:03:08,934] TRACE [Controller id=0] Leader imbalance ratio for broker 2 is 0.0 (kafka.controller.KafkaController)
[2021-10-16 01:03:08,934] DEBUG [Controller id=0] Topics not in preferred replica for broker 1 Map() (kafka.controller.KafkaController)
[2021-10-16 01:03:08,934] TRACE [Controller id=0] Leader imbalance ratio for broker 1 is 0.0 (kafka.controller.KafkaController)
[2021-10-16 01:03:08,934] DEBUG [Controller id=0] Topics not in preferred replica for broker 0 Map() (kafka.controller.KafkaController)
[2021-10-16 01:03:08,934] TRACE [Controller id=0] Leader imbalance ratio for broker 0 is 0.0 (kafka.controller.KafkaController)
[2021-10-16 01:08:08,943] INFO [Controller id=0] Processing automatic preferred replica leader election (kafka.controller.KafkaController)
[2021-10-16 01:08:08,943] TRACE [Controller id=0] Checking need to trigger auto leader balancing (kafka.controller.KafkaController)
[2021-10-16 01:08:08,945] DEBUG [Controller id=0] Topics not in preferred replica for broker 2 Map() (kafka.controller.KafkaController)
[2021-10-16 01:08:08,945] TRACE [Controller id=0] Leader imbalance ratio for broker 2 is 0.0 (kafka.controller.KafkaController)
[2021-10-16 01:08:08,945] DEBUG [Controller id=0] Topics not in preferred replica for broker 1 Map() (kafka.controller.KafkaController)
[2021-10-16 01:08:08,945] TRACE [Controller id=0] Leader imbalance ratio for broker 1 is 0.0 (kafka.controller.KafkaController)
[2021-10-16 01:08:08,945] DEBUG [Controller id=0] Topics not in preferred replica for broker 0 Map() (kafka.controller.KafkaController)
[2021-10-16 01:08:08,946] TRACE [Controller id=0] Leader imbalance ratio for broker 0 is 0.0 (kafka.controller.KafkaController)
[2021-10-16 01:13:08,954] INFO [Controller id=0] Processing automatic preferred replica leader election (kafka.controller.KafkaController)
[2021-10-16 01:13:08,954] TRACE [Controller id=0] Checking need to trigger auto leader balancing (kafka.controller.KafkaController)
[2021-10-16 01:13:08,956] DEBUG [Controller id=0] Topics not in preferred replica for broker 2 Map() (kafka.controller.KafkaController)
[2021-10-16 01:13:08,956] TRACE [Controller id=0] Leader imbalance ratio for broker 2 is 0.0 (kafka.controller.KafkaController)
[2021-10-16 01:13:08,956] DEBUG [Controller id=0] Topics not in preferred replica for broker 1 Map() (kafka.controller.KafkaController)
[2021-10-16 01:13:08,956] TRACE [Controller id=0] Leader imbalance ratio for broker 1 is 0.0 (kafka.controller.KafkaController)
[2021-10-16 01:13:08,956] DEBUG [Controller id=0] Topics not in preferred replica for broker 0 Map() (kafka.controller.KafkaController)
[2021-10-16 01:13:08,957] TRACE [Controller id=0] Leader imbalance ratio for broker 0 is 0.0 (kafka.controller.KafkaController)
[2021-10-16 01:18:08,961] INFO [Controller id=0] Processing automatic preferred replica leader election (kafka.controller.KafkaController)
[2021-10-16 01:18:08,961] TRACE [Controller id=0] Checking need to trigger auto leader balancing (kafka.controller.KafkaController)
[2021-10-16 01:18:08,964] DEBUG [Controller id=0] Topics not in preferred replica for broker 2 Map() (kafka.controller.KafkaController)
[2021-10-16 01:18:08,964] TRACE [Controller id=0] Leader imbalance ratio for broker 2 is 0.0 (kafka.controller.KafkaController)
[2021-10-16 01:18:08,965] DEBUG [Controller id=0] Topics not in preferred replica for broker 1 Map() (kafka.controller.KafkaController)
[2021-10-16 01:18:08,965] TRACE [Controller id=0] Leader imbalance ratio for broker 1 is 0.0 (kafka.controller.KafkaController)
[2021-10-16 01:18:08,965] DEBUG [Controller id=0] Topics not in preferred replica for broker 0 Map() (kafka.controller.KafkaController)
[2021-10-16 01:18:08,965] TRACE [Controller id=0] Leader imbalance ratio for broker 0 is 0.0 (kafka.controller.KafkaController)
[2021-10-16 01:23:08,970] INFO [Controller id=0] Processing automatic preferred replica leader election (kafka.controller.KafkaController)
[2021-10-16 01:23:08,970] TRACE [Controller id=0] Checking need to trigger auto leader balancing (kafka.controller.KafkaController)
[2021-10-16 01:23:08,972] DEBUG [Controller id=0] Topics not in preferred replica for broker 2 Map() (kafka.controller.KafkaController)
[2021-10-16 01:23:08,972] TRACE [Controller id=0] Leader imbalance ratio for broker 2 is 0.0 (kafka.controller.KafkaController)
[2021-10-16 01:23:08,972] DEBUG [Controller id=0] Topics not in preferred replica for broker 1 Map() (kafka.controller.KafkaController)
[2021-10-16 01:23:08,972] TRACE [Controller id=0] Leader imbalance ratio for broker 1 is 0.0 (kafka.controller.KafkaController)
[2021-10-16 01:23:08,972] DEBUG [Controller id=0] Topics not in preferred replica for broker 0 Map() (kafka.controller.KafkaController)
[2021-10-16 01:23:08,972] TRACE [Controller id=0] Leader imbalance ratio for broker 0 is 0.0 (kafka.controller.KafkaController)
[2021-10-16 01:28:08,979] INFO [Controller id=0] Processing automatic preferred replica leader election (kafka.controller.KafkaController)
[2021-10-16 01:28:08,979] TRACE [Controller id=0] Checking need to trigger auto leader balancing (kafka.controller.KafkaController)
[2021-10-16 01:28:08,981] DEBUG [Controller id=0] Topics not in preferred replica for broker 2 Map() (kafka.controller.KafkaController)
[2021-10-16 01:28:08,981] TRACE [Controller id=0] Leader imbalance ratio for broker 2 is 0.0 (kafka.controller.KafkaController)
[2021-10-16 01:28:08,981] DEBUG [Controller id=0] Topics not in preferred replica for broker 1 Map() (kafka.controller.KafkaController)
[2021-10-16 01:28:08,981] TRACE [Controller id=0] Leader imbalance ratio for broker 1 is 0.0 (kafka.controller.KafkaController)
[2021-10-16 01:28:08,981] DEBUG [Controller id=0] Topics not in preferred replica for broker 0 Map() (kafka.controller.KafkaController)
[2021-10-16 01:28:08,981] TRACE [Controller id=0] Leader imbalance ratio for broker 0 is 0.0 (kafka.controller.KafkaController)
[2021-10-16 01:33:08,985] INFO [Controller id=0] Processing automatic preferred replica leader election (kafka.controller.KafkaController)
[2021-10-16 01:33:08,985] TRACE [Controller id=0] Checking need to trigger auto leader balancing (kafka.controller.KafkaController)
[2021-10-16 01:33:08,987] DEBUG [Controller id=0] Topics not in preferred replica for broker 2 Map() (kafka.controller.KafkaController)
[2021-10-16 01:33:08,987] TRACE [Controller id=0] Leader imbalance ratio for broker 2 is 0.0 (kafka.controller.KafkaController)
[2021-10-16 01:33:08,987] DEBUG [Controller id=0] Topics not in preferred replica for broker 1 Map() (kafka.controller.KafkaController)
[2021-10-16 01:33:08,987] TRACE [Controller id=0] Leader imbalance ratio for broker 1 is 0.0 (kafka.controller.KafkaController)
[2021-10-16 01:33:08,987] DEBUG [Controller id=0] Topics not in preferred replica for broker 0 Map() (kafka.controller.KafkaController)
[2021-10-16 01:33:08,987] TRACE [Controller id=0] Leader imbalance ratio for broker 0 is 0.0 (kafka.controller.KafkaController)
[2021-10-16 01:38:09,001] INFO [Controller id=0] Processing automatic preferred replica leader election (kafka.controller.KafkaController)
[2021-10-16 01:38:09,001] TRACE [Controller id=0] Checking need to trigger auto leader balancing (kafka.controller.KafkaController)
[2021-10-16 01:38:09,002] DEBUG [Controller id=0] Topics not in preferred replica for broker 2 Map() (kafka.controller.KafkaController)
[2021-10-16 01:38:09,002] TRACE [Controller id=0] Leader imbalance ratio for broker 2 is 0.0 (kafka.controller.KafkaController)
[2021-10-16 01:38:09,002] DEBUG [Controller id=0] Topics not in preferred replica for broker 1 Map() (kafka.controller.KafkaController)
[2021-10-16 01:38:09,002] TRACE [Controller id=0] Leader imbalance ratio for broker 1 is 0.0 (kafka.controller.KafkaController)
[2021-10-16 01:38:09,003] DEBUG [Controller id=0] Topics not in preferred replica for broker 0 Map() (kafka.controller.KafkaController)
[2021-10-16 01:38:09,003] TRACE [Controller id=0] Leader imbalance ratio for broker 0 is 0.0 (kafka.controller.KafkaController)
